"2018-04-30T17:30:34.477+0200" [JavaFX Application Thread]
				INFO  [net.bigtangle.core.Context:61] - message: "Creating bitcoinj 0.14.5 context."
"2018-04-30T17:30:34.647+0200" [JavaFX Application Thread]
				INFO  [net.bigtangle.kits.WalletAppKit:295] - message: "Starting up with directory = /home/cui"
"2018-04-30T17:30:34.696+0200" [JavaFX Application Thread]
				DEBUG [net.bigtangle.wallet.DeterministicKeyChain:812] - message: "Deserializing: DETERMINISTIC_MNEMONIC: DeterministicSeed a827504fd3d904f692a9782cbea3f475f3570a5b3f0a01bbc9875f369194de421381043e182a9f68191a279a51bd325b30c3fc53987adfae72042ca846ffff58 tag busy jazz innocent job verify awake electric keen seminar spawn cattle"
"2018-04-30T17:30:34.783+0200" [JavaFX Application Thread]
				DEBUG [net.bigtangle.wallet.DeterministicKeyChain:885] - message: "Deserializing: DETERMINISTIC_KEY: DeterministicKey{pub=0296f389c5a54fcb99d188d2492559467fe5a14ab82ea1650a74bdfd7711ae34f9, chainCode=7118c591abec35b77cd4eb730a0c038693b25f83140b067884647979af15f4fa, path=M, creationTimeSeconds=1524907171, isEncrypted=false, isPubKeyOnly=false}"
"2018-04-30T17:30:34.785+0200" [JavaFX Application Thread]
				DEBUG [net.bigtangle.wallet.DeterministicKeyChain:885] - message: "Deserializing: DETERMINISTIC_KEY: DeterministicKey{pub=03d8e0c126ef94a3ca2c0ec6ff2b14147a81e988572916eec9103a64aabb43fa8e, chainCode=91fc38f99d85db9917f0e750992e5f2f67e5614bdcb6db8bc4cb20a7c0bf2fe0, path=M/0H, isEncrypted=false, isPubKeyOnly=false}"
"2018-04-30T17:30:34.785+0200" [JavaFX Application Thread]
				DEBUG [net.bigtangle.wallet.DeterministicKeyChain:885] - message: "Deserializing: DETERMINISTIC_KEY: DeterministicKey{pub=031d7c6fb2f53d333fbe34c15a13131d367ddfe276bc1e5810bd2d0a6ec9ab7d09, chainCode=40f96e041daab3c0294da8758c36cae91b8c5c5856af4d46d2274f19a41b700f, path=M/0H/0, isEncrypted=false, isPubKeyOnly=false}"
"2018-04-30T17:30:34.786+0200" [JavaFX Application Thread]
				DEBUG [net.bigtangle.wallet.DeterministicKeyChain:885] - message: "Deserializing: DETERMINISTIC_KEY: DeterministicKey{pub=02f9878f47650bf9fcca88bf3eec5c1eaf237017b005a8432c52d1881ea30c4d3d, chainCode=757c57796b542382f0fb12069ab0169839c34299f709217cdd72c2bf98b36e7f, path=M/0H/1, isEncrypted=false, isPubKeyOnly=false}"
"2018-04-30T17:30:34.787+0200" [JavaFX Application Thread]
				DEBUG [net.bigtangle.wallet.DeterministicKeyChain:885] - message: "Deserializing: DETERMINISTIC_KEY: DeterministicKey{pub=026cfc6a15b359c24bb2e2fc90b61675afab24dbede3cb8c11a21631384b91a435, chainCode=63781f7b0ca3afbbbfe5fa28054b571edfe5703255efaf2dee0e7f7383ae99d6, path=M/0H/0/0, isEncrypted=false, isPubKeyOnly=false}"
"2018-04-30T17:30:34.787+0200" [JavaFX Application Thread]
				INFO  [net.bigtangle.wallet.DeterministicKeyChain:1150] - message: "5 keys needed for M/0H/0 = 1 issued + 5 lookahead size + 0 lookahead threshold - 1 num children"
"2018-04-30T17:30:34.793+0200" [JavaFX Application Thread]
				INFO  [net.bigtangle.wallet.DeterministicKeyChain:1164] - message: "Took 4.408 ms"
"2018-04-30T17:30:34.793+0200" [JavaFX Application Thread]
				INFO  [net.bigtangle.wallet.DeterministicKeyChain:1150] - message: "5 keys needed for M/0H/1 = 0 issued + 5 lookahead size + 0 lookahead threshold - 0 num children"
"2018-04-30T17:30:34.797+0200" [JavaFX Application Thread]
				INFO  [net.bigtangle.wallet.DeterministicKeyChain:1164] - message: "Took 3.153 ms"
"2018-04-30T17:30:34.816+0200" [JavaFX Application Thread]
				INFO  [net.bigtangle.core.Context:61] - message: "Creating bitcoinj 0.14.5 context."
"2018-04-30T17:30:34.816+0200" [JavaFX Application Thread]
				INFO  [net.bigtangle.kits.WalletAppKit:295] - message: "Starting up with directory = /home/cui"
"2018-04-30T17:30:34.817+0200" [JavaFX Application Thread]
				DEBUG [net.bigtangle.wallet.DeterministicKeyChain:812] - message: "Deserializing: DETERMINISTIC_MNEMONIC: DeterministicSeed a827504fd3d904f692a9782cbea3f475f3570a5b3f0a01bbc9875f369194de421381043e182a9f68191a279a51bd325b30c3fc53987adfae72042ca846ffff58 tag busy jazz innocent job verify awake electric keen seminar spawn cattle"
"2018-04-30T17:30:34.819+0200" [JavaFX Application Thread]
				DEBUG [net.bigtangle.wallet.DeterministicKeyChain:885] - message: "Deserializing: DETERMINISTIC_KEY: DeterministicKey{pub=0296f389c5a54fcb99d188d2492559467fe5a14ab82ea1650a74bdfd7711ae34f9, chainCode=7118c591abec35b77cd4eb730a0c038693b25f83140b067884647979af15f4fa, path=M, creationTimeSeconds=1524907171, isEncrypted=false, isPubKeyOnly=false}"
"2018-04-30T17:30:34.820+0200" [JavaFX Application Thread]
				DEBUG [net.bigtangle.wallet.DeterministicKeyChain:885] - message: "Deserializing: DETERMINISTIC_KEY: DeterministicKey{pub=03d8e0c126ef94a3ca2c0ec6ff2b14147a81e988572916eec9103a64aabb43fa8e, chainCode=91fc38f99d85db9917f0e750992e5f2f67e5614bdcb6db8bc4cb20a7c0bf2fe0, path=M/0H, isEncrypted=false, isPubKeyOnly=false}"
"2018-04-30T17:30:34.820+0200" [JavaFX Application Thread]
				DEBUG [net.bigtangle.wallet.DeterministicKeyChain:885] - message: "Deserializing: DETERMINISTIC_KEY: DeterministicKey{pub=031d7c6fb2f53d333fbe34c15a13131d367ddfe276bc1e5810bd2d0a6ec9ab7d09, chainCode=40f96e041daab3c0294da8758c36cae91b8c5c5856af4d46d2274f19a41b700f, path=M/0H/0, isEncrypted=false, isPubKeyOnly=false}"
"2018-04-30T17:30:34.821+0200" [JavaFX Application Thread]
				DEBUG [net.bigtangle.wallet.DeterministicKeyChain:885] - message: "Deserializing: DETERMINISTIC_KEY: DeterministicKey{pub=02f9878f47650bf9fcca88bf3eec5c1eaf237017b005a8432c52d1881ea30c4d3d, chainCode=757c57796b542382f0fb12069ab0169839c34299f709217cdd72c2bf98b36e7f, path=M/0H/1, isEncrypted=false, isPubKeyOnly=false}"
"2018-04-30T17:30:34.821+0200" [JavaFX Application Thread]
				DEBUG [net.bigtangle.wallet.DeterministicKeyChain:885] - message: "Deserializing: DETERMINISTIC_KEY: DeterministicKey{pub=026cfc6a15b359c24bb2e2fc90b61675afab24dbede3cb8c11a21631384b91a435, chainCode=63781f7b0ca3afbbbfe5fa28054b571edfe5703255efaf2dee0e7f7383ae99d6, path=M/0H/0/0, isEncrypted=false, isPubKeyOnly=false}"
"2018-04-30T17:30:34.822+0200" [JavaFX Application Thread]
				INFO  [net.bigtangle.wallet.DeterministicKeyChain:1150] - message: "5 keys needed for M/0H/0 = 1 issued + 5 lookahead size + 0 lookahead threshold - 1 num children"
"2018-04-30T17:30:34.824+0200" [JavaFX Application Thread]
				INFO  [net.bigtangle.wallet.DeterministicKeyChain:1164] - message: "Took 2.414 ms"
"2018-04-30T17:30:34.825+0200" [JavaFX Application Thread]
				INFO  [net.bigtangle.wallet.DeterministicKeyChain:1150] - message: "5 keys needed for M/0H/1 = 0 issued + 5 lookahead size + 0 lookahead threshold - 0 num children"
"2018-04-30T17:30:34.827+0200" [JavaFX Application Thread]
				INFO  [net.bigtangle.wallet.DeterministicKeyChain:1164] - message: "Took 2.016 ms"
"2018-04-30T17:30:35.716+0200" [Thread-4]
				INFO  [n.b.ui.wallet.WalletSetPasswordController:85] - message: "Doing background test key derivation"
"2018-04-30T17:30:36.149+0200" [Thread-4]
				INFO  [net.bigtangle.crypto.KeyCrypterScrypt:151] - message: "Deriving key took 432.1 ms for 32768 scrypt iterations."
"2018-04-30T17:30:36.149+0200" [Thread-4]
				INFO  [n.b.ui.wallet.WalletSetPasswordController:90] - message: "Background test key derivation took 433msec"
"2018-04-30T17:30:40.058+0200" [JavaFX Application Thread]
				INFO  [net.bigtangle.core.Context:61] - message: "Creating bitcoinj 0.14.5 context."
"2018-04-30T17:30:40.059+0200" [JavaFX Application Thread]
				INFO  [net.bigtangle.kits.WalletAppKit:295] - message: "Starting up with directory = /home/cui"
"2018-04-30T17:30:40.059+0200" [JavaFX Application Thread]
				DEBUG [net.bigtangle.wallet.DeterministicKeyChain:812] - message: "Deserializing: DETERMINISTIC_MNEMONIC: DeterministicSeed a827504fd3d904f692a9782cbea3f475f3570a5b3f0a01bbc9875f369194de421381043e182a9f68191a279a51bd325b30c3fc53987adfae72042ca846ffff58 tag busy jazz innocent job verify awake electric keen seminar spawn cattle"
"2018-04-30T17:30:40.061+0200" [JavaFX Application Thread]
				DEBUG [net.bigtangle.wallet.DeterministicKeyChain:885] - message: "Deserializing: DETERMINISTIC_KEY: DeterministicKey{pub=0296f389c5a54fcb99d188d2492559467fe5a14ab82ea1650a74bdfd7711ae34f9, chainCode=7118c591abec35b77cd4eb730a0c038693b25f83140b067884647979af15f4fa, path=M, creationTimeSeconds=1524907171, isEncrypted=false, isPubKeyOnly=false}"
"2018-04-30T17:30:40.062+0200" [JavaFX Application Thread]
				DEBUG [net.bigtangle.wallet.DeterministicKeyChain:885] - message: "Deserializing: DETERMINISTIC_KEY: DeterministicKey{pub=03d8e0c126ef94a3ca2c0ec6ff2b14147a81e988572916eec9103a64aabb43fa8e, chainCode=91fc38f99d85db9917f0e750992e5f2f67e5614bdcb6db8bc4cb20a7c0bf2fe0, path=M/0H, isEncrypted=false, isPubKeyOnly=false}"
"2018-04-30T17:30:40.062+0200" [JavaFX Application Thread]
				DEBUG [net.bigtangle.wallet.DeterministicKeyChain:885] - message: "Deserializing: DETERMINISTIC_KEY: DeterministicKey{pub=031d7c6fb2f53d333fbe34c15a13131d367ddfe276bc1e5810bd2d0a6ec9ab7d09, chainCode=40f96e041daab3c0294da8758c36cae91b8c5c5856af4d46d2274f19a41b700f, path=M/0H/0, isEncrypted=false, isPubKeyOnly=false}"
"2018-04-30T17:30:40.062+0200" [JavaFX Application Thread]
				DEBUG [net.bigtangle.wallet.DeterministicKeyChain:885] - message: "Deserializing: DETERMINISTIC_KEY: DeterministicKey{pub=02f9878f47650bf9fcca88bf3eec5c1eaf237017b005a8432c52d1881ea30c4d3d, chainCode=757c57796b542382f0fb12069ab0169839c34299f709217cdd72c2bf98b36e7f, path=M/0H/1, isEncrypted=false, isPubKeyOnly=false}"
"2018-04-30T17:30:40.063+0200" [JavaFX Application Thread]
				DEBUG [net.bigtangle.wallet.DeterministicKeyChain:885] - message: "Deserializing: DETERMINISTIC_KEY: DeterministicKey{pub=026cfc6a15b359c24bb2e2fc90b61675afab24dbede3cb8c11a21631384b91a435, chainCode=63781f7b0ca3afbbbfe5fa28054b571edfe5703255efaf2dee0e7f7383ae99d6, path=M/0H/0/0, isEncrypted=false, isPubKeyOnly=false}"
"2018-04-30T17:30:40.063+0200" [JavaFX Application Thread]
				INFO  [net.bigtangle.wallet.DeterministicKeyChain:1150] - message: "5 keys needed for M/0H/0 = 1 issued + 5 lookahead size + 0 lookahead threshold - 1 num children"
"2018-04-30T17:30:40.065+0200" [JavaFX Application Thread]
				INFO  [net.bigtangle.wallet.DeterministicKeyChain:1164] - message: "Took 1.717 ms"
"2018-04-30T17:30:40.066+0200" [JavaFX Application Thread]
				INFO  [net.bigtangle.wallet.DeterministicKeyChain:1150] - message: "5 keys needed for M/0H/1 = 0 issued + 5 lookahead size + 0 lookahead threshold - 0 num children"
"2018-04-30T17:30:40.068+0200" [JavaFX Application Thread]
				INFO  [net.bigtangle.wallet.DeterministicKeyChain:1164] - message: "Took 1.683 ms"
"2018-04-30T17:31:08.019+0200" [JavaFX Application Thread]
				INFO  [net.bigtangle.core.Context:61] - message: "Creating bitcoinj 0.14.5 context."
"2018-04-30T17:31:08.020+0200" [JavaFX Application Thread]
				INFO  [net.bigtangle.kits.WalletAppKit:295] - message: "Starting up with directory = /home/cui"
"2018-04-30T17:31:08.020+0200" [JavaFX Application Thread]
				DEBUG [net.bigtangle.wallet.DeterministicKeyChain:812] - message: "Deserializing: DETERMINISTIC_MNEMONIC: DeterministicSeed a827504fd3d904f692a9782cbea3f475f3570a5b3f0a01bbc9875f369194de421381043e182a9f68191a279a51bd325b30c3fc53987adfae72042ca846ffff58 tag busy jazz innocent job verify awake electric keen seminar spawn cattle"
"2018-04-30T17:31:08.023+0200" [JavaFX Application Thread]
				DEBUG [net.bigtangle.wallet.DeterministicKeyChain:885] - message: "Deserializing: DETERMINISTIC_KEY: DeterministicKey{pub=0296f389c5a54fcb99d188d2492559467fe5a14ab82ea1650a74bdfd7711ae34f9, chainCode=7118c591abec35b77cd4eb730a0c038693b25f83140b067884647979af15f4fa, path=M, creationTimeSeconds=1524907171, isEncrypted=false, isPubKeyOnly=false}"
"2018-04-30T17:31:08.024+0200" [JavaFX Application Thread]
				DEBUG [net.bigtangle.wallet.DeterministicKeyChain:885] - message: "Deserializing: DETERMINISTIC_KEY: DeterministicKey{pub=03d8e0c126ef94a3ca2c0ec6ff2b14147a81e988572916eec9103a64aabb43fa8e, chainCode=91fc38f99d85db9917f0e750992e5f2f67e5614bdcb6db8bc4cb20a7c0bf2fe0, path=M/0H, isEncrypted=false, isPubKeyOnly=false}"
"2018-04-30T17:31:08.025+0200" [JavaFX Application Thread]
				DEBUG [net.bigtangle.wallet.DeterministicKeyChain:885] - message: "Deserializing: DETERMINISTIC_KEY: DeterministicKey{pub=031d7c6fb2f53d333fbe34c15a13131d367ddfe276bc1e5810bd2d0a6ec9ab7d09, chainCode=40f96e041daab3c0294da8758c36cae91b8c5c5856af4d46d2274f19a41b700f, path=M/0H/0, isEncrypted=false, isPubKeyOnly=false}"
"2018-04-30T17:31:08.025+0200" [JavaFX Application Thread]
				DEBUG [net.bigtangle.wallet.DeterministicKeyChain:885] - message: "Deserializing: DETERMINISTIC_KEY: DeterministicKey{pub=02f9878f47650bf9fcca88bf3eec5c1eaf237017b005a8432c52d1881ea30c4d3d, chainCode=757c57796b542382f0fb12069ab0169839c34299f709217cdd72c2bf98b36e7f, path=M/0H/1, isEncrypted=false, isPubKeyOnly=false}"
"2018-04-30T17:31:08.026+0200" [JavaFX Application Thread]
				DEBUG [net.bigtangle.wallet.DeterministicKeyChain:885] - message: "Deserializing: DETERMINISTIC_KEY: DeterministicKey{pub=026cfc6a15b359c24bb2e2fc90b61675afab24dbede3cb8c11a21631384b91a435, chainCode=63781f7b0ca3afbbbfe5fa28054b571edfe5703255efaf2dee0e7f7383ae99d6, path=M/0H/0/0, isEncrypted=false, isPubKeyOnly=false}"
"2018-04-30T17:31:08.027+0200" [JavaFX Application Thread]
				INFO  [net.bigtangle.wallet.DeterministicKeyChain:1150] - message: "5 keys needed for M/0H/0 = 1 issued + 5 lookahead size + 0 lookahead threshold - 1 num children"
"2018-04-30T17:31:08.030+0200" [JavaFX Application Thread]
				INFO  [net.bigtangle.wallet.DeterministicKeyChain:1164] - message: "Took 2.984 ms"
"2018-04-30T17:31:08.031+0200" [JavaFX Application Thread]
				INFO  [net.bigtangle.wallet.DeterministicKeyChain:1150] - message: "5 keys needed for M/0H/1 = 0 issued + 5 lookahead size + 0 lookahead threshold - 0 num children"
"2018-04-30T17:31:08.036+0200" [JavaFX Application Thread]
				INFO  [net.bigtangle.wallet.DeterministicKeyChain:1164] - message: "Took 3.011 ms"
"2018-04-30T17:31:23.714+0200" [JavaFX Application Thread]
				INFO  [net.bigtangle.core.Context:61] - message: "Creating bitcoinj 0.14.5 context."
"2018-04-30T17:31:23.715+0200" [JavaFX Application Thread]
				INFO  [net.bigtangle.kits.WalletAppKit:295] - message: "Starting up with directory = /home/cui"
"2018-04-30T17:31:23.715+0200" [JavaFX Application Thread]
				DEBUG [net.bigtangle.wallet.DeterministicKeyChain:812] - message: "Deserializing: DETERMINISTIC_MNEMONIC: DeterministicSeed a827504fd3d904f692a9782cbea3f475f3570a5b3f0a01bbc9875f369194de421381043e182a9f68191a279a51bd325b30c3fc53987adfae72042ca846ffff58 tag busy jazz innocent job verify awake electric keen seminar spawn cattle"
"2018-04-30T17:31:23.717+0200" [JavaFX Application Thread]
				DEBUG [net.bigtangle.wallet.DeterministicKeyChain:885] - message: "Deserializing: DETERMINISTIC_KEY: DeterministicKey{pub=0296f389c5a54fcb99d188d2492559467fe5a14ab82ea1650a74bdfd7711ae34f9, chainCode=7118c591abec35b77cd4eb730a0c038693b25f83140b067884647979af15f4fa, path=M, creationTimeSeconds=1524907171, isEncrypted=false, isPubKeyOnly=false}"
"2018-04-30T17:31:23.717+0200" [JavaFX Application Thread]
				DEBUG [net.bigtangle.wallet.DeterministicKeyChain:885] - message: "Deserializing: DETERMINISTIC_KEY: DeterministicKey{pub=03d8e0c126ef94a3ca2c0ec6ff2b14147a81e988572916eec9103a64aabb43fa8e, chainCode=91fc38f99d85db9917f0e750992e5f2f67e5614bdcb6db8bc4cb20a7c0bf2fe0, path=M/0H, isEncrypted=false, isPubKeyOnly=false}"
"2018-04-30T17:31:23.718+0200" [JavaFX Application Thread]
				DEBUG [net.bigtangle.wallet.DeterministicKeyChain:885] - message: "Deserializing: DETERMINISTIC_KEY: DeterministicKey{pub=031d7c6fb2f53d333fbe34c15a13131d367ddfe276bc1e5810bd2d0a6ec9ab7d09, chainCode=40f96e041daab3c0294da8758c36cae91b8c5c5856af4d46d2274f19a41b700f, path=M/0H/0, isEncrypted=false, isPubKeyOnly=false}"
"2018-04-30T17:31:23.718+0200" [JavaFX Application Thread]
				DEBUG [net.bigtangle.wallet.DeterministicKeyChain:885] - message: "Deserializing: DETERMINISTIC_KEY: DeterministicKey{pub=02f9878f47650bf9fcca88bf3eec5c1eaf237017b005a8432c52d1881ea30c4d3d, chainCode=757c57796b542382f0fb12069ab0169839c34299f709217cdd72c2bf98b36e7f, path=M/0H/1, isEncrypted=false, isPubKeyOnly=false}"
"2018-04-30T17:31:23.719+0200" [JavaFX Application Thread]
				DEBUG [net.bigtangle.wallet.DeterministicKeyChain:885] - message: "Deserializing: DETERMINISTIC_KEY: DeterministicKey{pub=026cfc6a15b359c24bb2e2fc90b61675afab24dbede3cb8c11a21631384b91a435, chainCode=63781f7b0ca3afbbbfe5fa28054b571edfe5703255efaf2dee0e7f7383ae99d6, path=M/0H/0/0, isEncrypted=false, isPubKeyOnly=false}"
"2018-04-30T17:31:23.719+0200" [JavaFX Application Thread]
				INFO  [net.bigtangle.wallet.DeterministicKeyChain:1150] - message: "5 keys needed for M/0H/0 = 1 issued + 5 lookahead size + 0 lookahead threshold - 1 num children"
"2018-04-30T17:31:23.721+0200" [JavaFX Application Thread]
				INFO  [net.bigtangle.wallet.DeterministicKeyChain:1164] - message: "Took 1.501 ms"
"2018-04-30T17:31:23.721+0200" [JavaFX Application Thread]
				INFO  [net.bigtangle.wallet.DeterministicKeyChain:1150] - message: "5 keys needed for M/0H/1 = 0 issued + 5 lookahead size + 0 lookahead threshold - 0 num children"
"2018-04-30T17:31:23.723+0200" [JavaFX Application Thread]
				INFO  [net.bigtangle.wallet.DeterministicKeyChain:1164] - message: "Took 1.363 ms"
"2018-04-30T17:32:09.067+0200" [JavaFX Application Thread]
				INFO  [net.bigtangle.core.Context:61] - message: "Creating bitcoinj 0.14.5 context."
"2018-04-30T17:32:09.067+0200" [JavaFX Application Thread]
				INFO  [net.bigtangle.kits.WalletAppKit:295] - message: "Starting up with directory = /home/cui"
"2018-04-30T17:32:09.068+0200" [JavaFX Application Thread]
				DEBUG [net.bigtangle.wallet.DeterministicKeyChain:812] - message: "Deserializing: DETERMINISTIC_MNEMONIC: DeterministicSeed a827504fd3d904f692a9782cbea3f475f3570a5b3f0a01bbc9875f369194de421381043e182a9f68191a279a51bd325b30c3fc53987adfae72042ca846ffff58 tag busy jazz innocent job verify awake electric keen seminar spawn cattle"
"2018-04-30T17:32:09.070+0200" [JavaFX Application Thread]
				DEBUG [net.bigtangle.wallet.DeterministicKeyChain:885] - message: "Deserializing: DETERMINISTIC_KEY: DeterministicKey{pub=0296f389c5a54fcb99d188d2492559467fe5a14ab82ea1650a74bdfd7711ae34f9, chainCode=7118c591abec35b77cd4eb730a0c038693b25f83140b067884647979af15f4fa, path=M, creationTimeSeconds=1524907171, isEncrypted=false, isPubKeyOnly=false}"
"2018-04-30T17:32:09.071+0200" [JavaFX Application Thread]
				DEBUG [net.bigtangle.wallet.DeterministicKeyChain:885] - message: "Deserializing: DETERMINISTIC_KEY: DeterministicKey{pub=03d8e0c126ef94a3ca2c0ec6ff2b14147a81e988572916eec9103a64aabb43fa8e, chainCode=91fc38f99d85db9917f0e750992e5f2f67e5614bdcb6db8bc4cb20a7c0bf2fe0, path=M/0H, isEncrypted=false, isPubKeyOnly=false}"
"2018-04-30T17:32:09.071+0200" [JavaFX Application Thread]
				DEBUG [net.bigtangle.wallet.DeterministicKeyChain:885] - message: "Deserializing: DETERMINISTIC_KEY: DeterministicKey{pub=031d7c6fb2f53d333fbe34c15a13131d367ddfe276bc1e5810bd2d0a6ec9ab7d09, chainCode=40f96e041daab3c0294da8758c36cae91b8c5c5856af4d46d2274f19a41b700f, path=M/0H/0, isEncrypted=false, isPubKeyOnly=false}"
"2018-04-30T17:32:09.072+0200" [JavaFX Application Thread]
				DEBUG [net.bigtangle.wallet.DeterministicKeyChain:885] - message: "Deserializing: DETERMINISTIC_KEY: DeterministicKey{pub=02f9878f47650bf9fcca88bf3eec5c1eaf237017b005a8432c52d1881ea30c4d3d, chainCode=757c57796b542382f0fb12069ab0169839c34299f709217cdd72c2bf98b36e7f, path=M/0H/1, isEncrypted=false, isPubKeyOnly=false}"
"2018-04-30T17:32:09.073+0200" [JavaFX Application Thread]
				DEBUG [net.bigtangle.wallet.DeterministicKeyChain:885] - message: "Deserializing: DETERMINISTIC_KEY: DeterministicKey{pub=026cfc6a15b359c24bb2e2fc90b61675afab24dbede3cb8c11a21631384b91a435, chainCode=63781f7b0ca3afbbbfe5fa28054b571edfe5703255efaf2dee0e7f7383ae99d6, path=M/0H/0/0, isEncrypted=false, isPubKeyOnly=false}"
"2018-04-30T17:32:09.073+0200" [JavaFX Application Thread]
				INFO  [net.bigtangle.wallet.DeterministicKeyChain:1150] - message: "5 keys needed for M/0H/0 = 1 issued + 5 lookahead size + 0 lookahead threshold - 1 num children"
"2018-04-30T17:32:09.076+0200" [JavaFX Application Thread]
				INFO  [net.bigtangle.wallet.DeterministicKeyChain:1164] - message: "Took 2.019 ms"
"2018-04-30T17:32:09.076+0200" [JavaFX Application Thread]
				INFO  [net.bigtangle.wallet.DeterministicKeyChain:1150] - message: "5 keys needed for M/0H/1 = 0 issued + 5 lookahead size + 0 lookahead threshold - 0 num children"
"2018-04-30T17:32:09.079+0200" [JavaFX Application Thread]
				INFO  [net.bigtangle.wallet.DeterministicKeyChain:1164] - message: "Took 1.953 ms"
